[WrapWithConsumer] 2024-03-19T10:36:00.518507 Plugin WrapWithConsumer threw while analyzing /Users/p1714/flutterWorkSpace/tumitate_flutter/lib/main.dart:
[WrapWithConsumer] 2024-03-19T10:36:00.518507 InconsistentAnalysisException: Requested result might be inconsistent with previously returned results
[WrapWithConsumer] 2024-03-19T10:36:00.518507
[WrapWithConsumer] 2024-03-19T10:36:00.518507 #0      AnalysisSessionImpl.checkConsistency (package:analyzer/src/dart/analysis/session.dart:54:7)
[WrapWithConsumer] 2024-03-19T10:36:00.518507 #1      AnalysisSessionImpl.getResolvedUnit (package:analyzer/src/dart/analysis/session.dart:129:5)
[WrapWithConsumer] 2024-03-19T10:36:00.518507 #2      ChangeBuilderImpl._createDartFileEditBuilder (package:analyzer_plugin/src/utilities/change_builder/change_builder_core.dart:287:33)
[WrapWithConsumer] 2024-03-19T10:36:00.518507 #3      ChangeBuilderImpl.addDartFileEdit (package:analyzer_plugin/src/utilities/change_builder/change_builder_core.dart:136:23)
[WrapWithConsumer] 2024-03-19T10:36:00.518507 #4      _ChangeBuilderImpl.addDartFileEdit (package:custom_lint_core/src/change_reporter.dart:134:33)
[WrapWithConsumer] 2024-03-19T10:36:00.518507 #5      WrapWithConsumer.run.<anonymous closure> (package:riverpod_lint/src/assists/wrap_with_consumer.dart:35:21)
[WrapWithConsumer] 2024-03-19T10:36:00.518507 #6      _rootRunUnary (dart:async/zone.dart:1415:13)
[WrapWithConsumer] 2024-03-19T10:36:00.518507 #7      _CustomZone.runUnary (dart:async/zone.dart:1308:19)
[WrapWithConsumer] 2024-03-19T10:36:00.518507 #8      LinterVisitor._runSubscriptions (package:custom_lint_core/src/node_lint_visitor.g.dart:29:27)
[WrapWithConsumer] 2024-03-19T10:36:00.518507 #9      LinterVisitor.visitInstanceCreationExpression (package:custom_lint_core/src/node_lint_visitor.g.dart:609:5)
[WrapWithConsumer] 2024-03-19T10:36:00.518507 #10     InstanceCreationExpressionImpl.accept (package:analyzer/src/dart/ast/ast.dart:10485:15)
[WrapWithConsumer] 2024-03-19T10:36:00.518507 #11     NodeListImpl.accept (package:analyzer/src/dart/ast/ast.dart:13022:20)
[WrapWithConsumer] 2024-03-19T10:36:00.518507 #12     ArgumentListImpl.visitChildren (package:analyzer/src/dart/ast/ast.dart:511:16)
[WrapWithConsumer] 2024-03-19T10:36:00.518507 #13     GeneralizingAstVisitor.visitNode (package:analyzer/dart/ast/visitor.dart:535:10)
[WrapWithConsumer] 2024-03-19T10:36:00.518507 #14     LinterVisitor.visitNode (package:custom_lint_core/src/node_lint_visitor.g.dart:784:11)
[WrapWithConsumer] 2024-03-19T10:36:00.518507 #15     GeneralizingAstVisitor.visitArgumentList (package:analyzer/dart/ast/visitor.dart:143:46)
[WrapWithConsumer] 2024-03-19T10:36:00.518507 #16     LinterVisitor.visitArgumentList (package:custom_lint_core/src/node_lint_visitor.g.dart:58:11)
[WrapWithConsumer] 2024-03-19T10:36:00.518507 #17     ArgumentListImpl.accept (package:analyzer/src/dart/ast/ast.dart:507:50)
[WrapWithConsumer] 2024-03-19T10:36:00.518507 #18     MethodInvocationImpl.visitChildren (package:analyzer/src/dart/ast/ast.dart:12351:19)
[WrapWithConsumer] 2024-03-19T10:36:00.518507 #19     GeneralizingAstVisitor.visitNode (package:analyzer/dart/ast/visitor.dart:535:10)
[WrapWithConsumer] 2024-03-19T10:36:00.518507 #20     LinterVisitor.visitNode (package:custom_lint_core/src/node_lint_visitor.g.dart:784:11)
[WrapWithConsumer] 2024-03-19T10:36:00.518507 #21     GeneralizingAstVisitor.visitCollectionElement (package:analyzer/dart/ast/visitor.dart:208:56)
[WrapWithConsumer] 2024-03-19T10:36:00.518507 #22     LinterVisitor.visitCollectionElement (package:custom_lint_core/src/node_lint_visitor.g.dart:184:11)
[WrapWithConsumer] 2024-03-19T10:36:00.518507 #23     GeneralizingAstVisitor.visitExpression (package:analyzer/dart/ast/visitor.dart:305:42)
[WrapWithConsumer] 2024-03-19T10:36:00.518507 #24     LinterVisitor.visitExpression (package:custom_lint_core/src/node_lint_visitor.g.dart:370:11)
[WrapWithConsumer] 2024-03-19T10:36:00.518507 #25     GeneralizingAstVisitor.visitInvocationExpression (package:analyzer/dart/ast/visitor.dart:459:7)
[WrapWithConsumer] 2024-03-19T10:36:00.518507 #26     LinterVisitor.visitInvocationExpression (package:custom_lint_core/src/node_lint_visitor.g.dart:640:11)
[WrapWithConsumer] 2024-03-19T10:36:00.518507 #27     GeneralizingAstVisitor.visitMethodInvocation (package:analyzer/dart/ast/visitor.dart:509:7)
[WrapWithConsumer] 2024-03-19T10:36:00.518507 #28     LinterVisitor.visitMethodInvocation (package:custom_lint_core/src/node_lint_visitor.g.dart:736:11)
[WrapWithConsumer] 2024-03-19T10:36:00.518507 #29     MethodInvocationImpl.accept (package:analyzer/src/dart/ast/ast.dart:12339:50)
[WrapWithConsumer] 2024-03-19T10:36:00.518507 #30     ExpressionStatementImpl.visitChildren (package:analyzer/src/dart/ast/ast.dart:6390:17)
[WrapWithConsumer] 2024-03-19T10:36:00.518507 #31     GeneralizingAstVisitor.visitNode (package:analyzer/dart/ast/visitor.dart:535:10)
[WrapWithConsumer] 2024-03-19T10:36:00.518507 #32     LinterVisitor.visitNode (package:custom_lint_core/src/node_lint_visitor.g.dart:784:11)
[WrapWithConsumer] 2024-03-19T10:36:00.518507 #33     GeneralizingAstVisitor.visitStatement (package:analyzer/dart/ast/visitor.dart:679:40)
[WrapWithConsumer] 2024-03-19T10:36:00.518507 #34     LinterVisitor.visitStatement (package:custom_lint_core/src/node_lint_visitor.g.dart:1029:11)
[WrapWithConsumer] 2024-03-19T10:36:00.518507 #35     GeneralizingAstVisitor.visitExpressionStatement (package:analyzer/dart/ast/visitor.dart:312:60)
[WrapWithConsumer] 2024-03-19T10:36:00.518507 #36     LinterVisitor.visitExpressionStatement (package:custom_lint_core/src/node_lint_visitor.g.dart:382:11)
[WrapWithConsumer] 2024-03-19T10:36:00.518507 #37     ExpressionStatementImpl.accept (package:analyzer/src/dart/ast/ast.dart:6386:50)
[WrapWithConsumer] 2024-03-19T10:36:00.518507 #38     NodeListImpl.accept (package:analyzer/src/dart/ast/ast.dart:13022:20)
[WrapWithConsumer] 2024-03-19T10:36:00.518507 #39     BlockImpl.visitChildren (package:analyzer/src/dart/ast/ast.dart:1980:17)
[WrapWithConsumer] 2024-03-19T10:36:00.518507 #40     GeneralizingAstVisitor.visitNode (package:analyzer/dart/ast/visitor.dart:535:10)
[WrapWithConsumer] 2024-03-19T10:36:00.518507 #41     LinterVisitor.visitNode (package:custom_lint_core/src/node_lint_visitor.g.dart:784:11)
[WrapWithConsumer] 2024-03-19T10:36:00.518507 #42     GeneralizingAstVisitor.visitStatement (package:analyzer/dart/ast/visitor.dart:679:40)
[WrapWithConsumer] 2024-03-19T10:36:00.518507 #43     LinterVisitor.visitStatement (package:custom_lint_core/src/node_lint_visitor.g.dart:1029:11)
[WrapWithConsumer] 2024-03-19T10:36:00.518507 #44     GeneralizingAstVisitor.visitBlock (package:analyzer/dart/ast/visitor.dart:173:32)
[WrapWithConsumer] 2024-03-19T10:36:00.518507 #45     LinterVisitor.visitBlock (package:custom_lint_core/src/node_lint_visitor.g.dart:112:11)
[WrapWithConsumer] 2024-03-19T10:36:00.518507 #46     BlockImpl.accept (package:analyzer/src/dart/ast/ast.dart:1976:50)
[WrapWithConsumer] 2024-03-19T10:36:00.518507 #47     BlockFunctionBodyImpl.visitChildren (package:analyzer/src/dart/ast/ast.dart:1931:12)
[WrapWithConsumer] 2024-03-19T10:36:00.518507 #48     GeneralizingAstVisitor.visitNode (package:analyzer/dart/ast/visitor.dart:535:10)
[WrapWithConsumer] 2024-03-19T10:36:00.518507 #49     LinterVisitor.visitNode (package:custom_lint_core/src/node_lint_visitor.g.dart:784:11)
[WrapWithConsumer] 2024-03-19T10:36:00.518507 #50     GeneralizingAstVisitor.visitFunctionBody (package:analyzer/dart/ast/visitor.dart:373:46)
[WrapWithConsumer] 2024-03-19T10:36:00.518507 #51     LinterVisitor.visitFunctionBody (package:custom_lint_core/src/node_lint_visitor.g.dart:490:11)
[WrapWithConsumer] 2024-03-19T10:36:00.518507 #52     GeneralizingAstVisitor.visitBlockFunctionBody (package:analyzer/dart/ast/visitor.dart:176:56)
[WrapWithConsumer] 2024-03-19T10:36:00.518507 #53     LinterVisitor.visitBlockFunctionBody (package:custom_lint_core/src/node_lint_visitor.g.dart:118:11)
[WrapWithConsumer] 2024-03-19T10:36:00.518507 #54     BlockFunctionBodyImpl.accept (package:analyzer/src/dart/ast/ast.dart:1923:50)
[WrapWithConsumer] 2024-03-19T10:36:00.518507 #55     FunctionExpressionImpl.visitChildren (package:analyzer/src/dart/ast/ast.dart:8544:11)
[WrapWithConsumer] 2024-03-19T10:36:00.518507 #56     GeneralizingAstVisitor.visitNode (package:analyzer/dart/ast/visitor.dart:535:10)
[WrapWithConsumer] 2024-03-19T10:36:00.518507 #57     LinterVisitor.visitNode (package:custom_lint_core/src/node_lint_visitor.g.dart:784:11)
[WrapWithConsumer] 2024-03-19T10:36:00.518507 #58     GeneralizingAstVisitor.visitCollectionElement (package:analyzer/dart/ast/visitor.dart:208:56)
[WrapWithConsumer] 2024-03-19T10:36:00.518507 #59     LinterVisitor.visitCollectionElement (package:custom_lint_core/src/node_lint_visitor.g.dart:184:11)
[WrapWithConsumer] 2024-03-19T10:36:00.518507 #60     GeneralizingAstVisitor.visitExpression (package:analyzer/dart/ast/visitor.dart:305:42)
[WrapWithConsumer] 2024-03-19T10:36:00.518507 #61     LinterVisitor.visitExpression (package:custom_lint_core/src/node_lint_visitor.g.dart:370:11)
[WrapWithConsumer] 2024-03-19T10:36:00.518507 #62     GeneralizingAstVisitor.visitFunctionExpression (package:analyzer/dart/ast/visitor.dart:388:58)
[WrapWithConsumer] 2024-03-19T10:36:00.518507 #63     LinterVisitor.visitFunctionExpression (package:custom_lint_core/src/node_lint_visitor.g.dart:508:11)
[WrapWithConsumer] 2024-03-19T10:36:00.518507 #64     FunctionExpressionImpl.accept (package:analyzer/src/dart/ast/ast.dart:8533:50)
[WrapWithConsumer] 2024-03-19T10:36:00.518507 #65     FunctionDeclarationImpl.visitChildren (package:analyzer/src/dart/ast/ast.dart:8378:25)
[WrapWithConsumer] 2024-03-19T10:36:00.518507 #66     GeneralizingAstVisitor.visitNode (package:analyzer/dart/ast/visitor.dart:535:10)
[WrapWithConsumer] 2024-03-19T10:36:00.518507 #67     LinterVisitor.visitNode (package:custom_lint_core/src/node_lint_visitor.g.dart:784:11)
[WrapWithConsumer] 2024-03-19T10:36:00.518507 #68     GeneralizingAstVisitor.visitAnnotatedNode (package:analyzer/dart/ast/visitor.dart:137:48)
[WrapWithConsumer] 2024-03-19T10:36:00.518507 #69     LinterVisitor.visitAnnotatedNode (package:custom_lint_core/src/node_lint_visitor.g.dart:46:11)
[WrapWithConsumer] 2024-03-19T10:36:00.518507 #70     GeneralizingAstVisitor.visitDeclaration (package:analyzer/dart/ast/visitor.dart:260:44)
[WrapWithConsumer] 2024-03-19T10:36:00.518507 #71     LinterVisitor.visitDeclaration (package:custom_lint_core/src/node_lint_visitor.g.dart:286:11)
[WrapWithConsumer] 2024-03-19T10:36:00.518507 #72     GeneralizingAstVisitor.visitCompilationUnitMember (package:analyzer/dart/ast/visitor.dart:222:7)
[WrapWithConsumer] 2024-03-19T10:36:00.518507 #73     LinterVisitor.visitCompilationUnitMember (package:custom_lint_core/src/node_lint_visitor.g.dart:214:11)
[WrapWithConsumer] 2024-03-19T10:36:00.518507 #74     GeneralizingAstVisitor.visitNamedCompilationUnitMember (package:analyzer/dart/ast/visitor.dart:516:7)
[WrapWithConsumer] 2024-03-19T10:36:00.518507 #75     LinterVisitor.visitNamedCompilationUnitMember (package:custom_lint_core/src/node_lint_visitor.g.dart:748:11)
[WrapWithConsumer] 2024-03-19T10:36:00.518507 #76     GeneralizingAstVisitor.visitFunctionDeclaration (package:analyzer/dart/ast/visitor.dart:380:12)
[WrapWithConsumer] 2024-03-19T10:36:00.518507 #77     LinterVisitor.visitFunctionDeclaration (package:custom_lint_core/src/node_lint_visitor.g.dart:496:11)
[WrapWithConsumer] 2024-03-19T10:36:00.518507 #78     FunctionDeclarationImpl.accept (package:analyzer/src/dart/ast/ast.dart:8372:50)
[WrapWithConsumer] 2024-03-19T10:36:00.518507 #79     NodeListImpl.accept (package:analyzer/src/dart/ast/ast.dart:13022:20)
[WrapWithConsumer] 2024-03-19T10:36:00.518507 #80     CompilationUnitImpl.visitChildren (package:analyzer/src/dart/ast/ast.dart:3662:21)
[WrapWithConsumer] 2024-03-19T10:36:00.518507 #81     GeneralizingAstVisitor.visitNode (package:analyzer/dart/ast/visitor.dart:535:10)
[WrapWithConsumer] 2024-03-19T10:36:00.518507 #82     LinterVisitor.visitNode (package:custom_lint_core/src/node_lint_visitor.g.dart:784:11)
[WrapWithConsumer] 2024-03-19T10:36:00.518507 #83     GeneralizingAstVisitor.visitCompilationUnit (package:analyzer/dart/ast/visitor.dart:219:52)
[WrapWithConsumer] 2024-03-19T10:36:00.518507 #84     LinterVisitor.visitCompilationUnit (package:custom_lint_core/src/node_lint_visitor.g.dart:208:11)
[WrapWithConsumer] 2024-03-19T10:36:00.518507 #85     CompilationUnitImpl.accept (package:analyzer/src/dart/ast/ast.dart:3655:50)
[WrapWithConsumer] 2024-03-19T10:36:00.518507 #86     DartAssist.startUp.<anonymous closure> (package:custom_lint_core/src/assist.dart:81:17)
[WrapWithConsumer] 2024-03-19T10:36:00.518507 #87     _rootRun (dart:async/zone.dart:1399:13)
[WrapWithConsumer] 2024-03-19T10:36:00.518507 #88     _CustomZone.run (dart:async/zone.dart:1301:19)
[WrapWithConsumer] 2024-03-19T10:36:00.518507 #89     _CustomZone.bindCallback.<anonymous closure> (dart:async/zone.dart:1233:23)
[WrapWithConsumer] 2024-03-19T10:36:00.518507 #90     runPostRunCallbacks (package:custom_lint_core/src/plugin_base.dart:16:19)
[WrapWithConsumer] 2024-03-19T10:36:00.518507 #91     _ClientAnalyzerPlugin.handleEditGetAssists (package:custom_lint_builder/src/client.dart:510:5)
[WrapWithConsumer] 2024-03-19T10:36:00.518507 <asynchronous suspension>
[WrapWithConsumer] 2024-03-19T10:36:00.518507 #92     ServerPlugin._getResponse (package:analyzer_plugin/plugin/plugin.dart:556:18)
[WrapWithConsumer] 2024-03-19T10:36:00.518507 <asynchronous suspension>
[WrapWithConsumer] 2024-03-19T10:36:00.518507 #93     ServerPlugin._onRequest (package:analyzer_plugin/plugin/plugin.dart:599:18)
[WrapWithConsumer] 2024-03-19T10:36:00.518507 <asynchronous suspension>
[WrapWithConsumer] 2024-03-19T10:36:00.518507
[WrapWithProviderScope] 2024-03-19T10:36:00.523716 Plugin WrapWithProviderScope threw while analyzing /Users/p1714/flutterWorkSpace/tumitate_flutter/lib/main.dart:
[WrapWithProviderScope] 2024-03-19T10:36:00.523716 InconsistentAnalysisException: Requested result might be inconsistent with previously returned results
[WrapWithProviderScope] 2024-03-19T10:36:00.523716
[WrapWithProviderScope] 2024-03-19T10:36:00.523716 #0      AnalysisSessionImpl.checkConsistency (package:analyzer/src/dart/analysis/session.dart:54:7)
[WrapWithProviderScope] 2024-03-19T10:36:00.523716 #1      AnalysisSessionImpl.getResolvedUnit (package:analyzer/src/dart/analysis/session.dart:129:5)
[WrapWithProviderScope] 2024-03-19T10:36:00.523716 #2      ChangeBuilderImpl._createDartFileEditBuilder (package:analyzer_plugin/src/utilities/change_builder/change_builder_core.dart:287:33)
[WrapWithProviderScope] 2024-03-19T10:36:00.523716 #3      ChangeBuilderImpl.addDartFileEdit (package:analyzer_plugin/src/utilities/change_builder/change_builder_core.dart:136:23)
[WrapWithProviderScope] 2024-03-19T10:36:00.523716 #4      _ChangeBuilderImpl.addDartFileEdit (package:custom_lint_core/src/change_reporter.dart:134:33)
[WrapWithProviderScope] 2024-03-19T10:36:00.523716 #5      WrapWithProviderScope.run.<anonymous closure> (package:riverpod_lint/src/assists/wrap_with_provider_scope.dart:33:21)
[WrapWithProviderScope] 2024-03-19T10:36:00.523716 #6      _rootRunUnary (dart:async/zone.dart:1415:13)
[WrapWithProviderScope] 2024-03-19T10:36:00.523716 #7      _CustomZone.runUnary (dart:async/zone.dart:1308:19)
[WrapWithProviderScope] 2024-03-19T10:36:00.523716 #8      LinterVisitor._runSubscriptions (package:custom_lint_core/src/node_lint_visitor.g.dart:29:27)
[WrapWithProviderScope] 2024-03-19T10:36:00.523716 #9      LinterVisitor.visitInstanceCreationExpression (package:custom_lint_core/src/node_lint_visitor.g.dart:609:5)
[WrapWithProviderScope] 2024-03-19T10:36:00.523716 #10     InstanceCreationExpressionImpl.accept (package:analyzer/src/dart/ast/ast.dart:10485:15)
[WrapWithProviderScope] 2024-03-19T10:36:00.523716 #11     NodeListImpl.accept (package:analyzer/src/dart/ast/ast.dart:13022:20)
[WrapWithProviderScope] 2024-03-19T10:36:00.523716 #12     ArgumentListImpl.visitChildren (package:analyzer/src/dart/ast/ast.dart:511:16)
[WrapWithProviderScope] 2024-03-19T10:36:00.523716 #13     GeneralizingAstVisitor.visitNode (package:analyzer/dart/ast/visitor.dart:535:10)
[WrapWithProviderScope] 2024-03-19T10:36:00.523716 #14     LinterVisitor.visitNode (package:custom_lint_core/src/node_lint_visitor.g.dart:784:11)
[WrapWithProviderScope] 2024-03-19T10:36:00.523716 #15     GeneralizingAstVisitor.visitArgumentList (package:analyzer/dart/ast/visitor.dart:143:46)
[WrapWithProviderScope] 2024-03-19T10:36:00.523716 #16     LinterVisitor.visitArgumentList (package:custom_lint_core/src/node_lint_visitor.g.dart:58:11)
[WrapWithProviderScope] 2024-03-19T10:36:00.523716 #17     ArgumentListImpl.accept (package:analyzer/src/dart/ast/ast.dart:507:50)
[WrapWithProviderScope] 2024-03-19T10:36:00.523716 #18     MethodInvocationImpl.visitChildren (package:analyzer/src/dart/ast/ast.dart:12351:19)
[WrapWithProviderScope] 2024-03-19T10:36:00.523716 #19     GeneralizingAstVisitor.visitNode (package:analyzer/dart/ast/visitor.dart:535:10)
[WrapWithProviderScope] 2024-03-19T10:36:00.523716 #20     LinterVisitor.visitNode (package:custom_lint_core/src/node_lint_visitor.g.dart:784:11)
[WrapWithProviderScope] 2024-03-19T10:36:00.523716 #21     GeneralizingAstVisitor.visitCollectionElement (package:analyzer/dart/ast/visitor.dart:208:56)
[WrapWithProviderScope] 2024-03-19T10:36:00.523716 #22     LinterVisitor.visitCollectionElement (package:custom_lint_core/src/node_lint_visitor.g.dart:184:11)
[WrapWithProviderScope] 2024-03-19T10:36:00.523716 #23     GeneralizingAstVisitor.visitExpression (package:analyzer/dart/ast/visitor.dart:305:42)
[WrapWithProviderScope] 2024-03-19T10:36:00.523716 #24     LinterVisitor.visitExpression (package:custom_lint_core/src/node_lint_visitor.g.dart:370:11)
[WrapWithProviderScope] 2024-03-19T10:36:00.523716 #25     GeneralizingAstVisitor.visitInvocationExpression (package:analyzer/dart/ast/visitor.dart:459:7)
[WrapWithProviderScope] 2024-03-19T10:36:00.523716 #26     LinterVisitor.visitInvocationExpression (package:custom_lint_core/src/node_lint_visitor.g.dart:640:11)
[WrapWithProviderScope] 2024-03-19T10:36:00.523716 #27     GeneralizingAstVisitor.visitMethodInvocation (package:analyzer/dart/ast/visitor.dart:509:7)
[WrapWithProviderScope] 2024-03-19T10:36:00.523716 #28     LinterVisitor.visitMethodInvocation (package:custom_lint_core/src/node_lint_visitor.g.dart:736:11)
[WrapWithProviderScope] 2024-03-19T10:36:00.523716 #29     MethodInvocationImpl.accept (package:analyzer/src/dart/ast/ast.dart:12339:50)
[WrapWithProviderScope] 2024-03-19T10:36:00.523716 #30     ExpressionStatementImpl.visitChildren (package:analyzer/src/dart/ast/ast.dart:6390:17)
[WrapWithProviderScope] 2024-03-19T10:36:00.523716 #31     GeneralizingAstVisitor.visitNode (package:analyzer/dart/ast/visitor.dart:535:10)
[WrapWithProviderScope] 2024-03-19T10:36:00.523716 #32     LinterVisitor.visitNode (package:custom_lint_core/src/node_lint_visitor.g.dart:784:11)
[WrapWithProviderScope] 2024-03-19T10:36:00.523716 #33     GeneralizingAstVisitor.visitStatement (package:analyzer/dart/ast/visitor.dart:679:40)
[WrapWithProviderScope] 2024-03-19T10:36:00.523716 #34     LinterVisitor.visitStatement (package:custom_lint_core/src/node_lint_visitor.g.dart:1029:11)
[WrapWithProviderScope] 2024-03-19T10:36:00.523716 #35     GeneralizingAstVisitor.visitExpressionStatement (package:analyzer/dart/ast/visitor.dart:312:60)
[WrapWithProviderScope] 2024-03-19T10:36:00.523716 #36     LinterVisitor.visitExpressionStatement (package:custom_lint_core/src/node_lint_visitor.g.dart:382:11)
[WrapWithProviderScope] 2024-03-19T10:36:00.523716 #37     ExpressionStatementImpl.accept (package:analyzer/src/dart/ast/ast.dart:6386:50)
[WrapWithProviderScope] 2024-03-19T10:36:00.523716 #38     NodeListImpl.accept (package:analyzer/src/dart/ast/ast.dart:13022:20)
[WrapWithProviderScope] 2024-03-19T10:36:00.523716 #39     BlockImpl.visitChildren (package:analyzer/src/dart/ast/ast.dart:1980:17)
[WrapWithProviderScope] 2024-03-19T10:36:00.523716 #40     GeneralizingAstVisitor.visitNode (package:analyzer/dart/ast/visitor.dart:535:10)
[WrapWithProviderScope] 2024-03-19T10:36:00.523716 #41     LinterVisitor.visitNode (package:custom_lint_core/src/node_lint_visitor.g.dart:784:11)
[WrapWithProviderScope] 2024-03-19T10:36:00.523716 #42     GeneralizingAstVisitor.visitStatement (package:analyzer/dart/ast/visitor.dart:679:40)
[WrapWithProviderScope] 2024-03-19T10:36:00.523716 #43     LinterVisitor.visitStatement (package:custom_lint_core/src/node_lint_visitor.g.dart:1029:11)
[WrapWithProviderScope] 2024-03-19T10:36:00.523716 #44     GeneralizingAstVisitor.visitBlock (package:analyzer/dart/ast/visitor.dart:173:32)
[WrapWithProviderScope] 2024-03-19T10:36:00.523716 #45     LinterVisitor.visitBlock (package:custom_lint_core/src/node_lint_visitor.g.dart:112:11)
[WrapWithProviderScope] 2024-03-19T10:36:00.523716 #46     BlockImpl.accept (package:analyzer/src/dart/ast/ast.dart:1976:50)
[WrapWithProviderScope] 2024-03-19T10:36:00.523716 #47     BlockFunctionBodyImpl.visitChildren (package:analyzer/src/dart/ast/ast.dart:1931:12)
[WrapWithProviderScope] 2024-03-19T10:36:00.523716 #48     GeneralizingAstVisitor.visitNode (package:analyzer/dart/ast/visitor.dart:535:10)
[WrapWithProviderScope] 2024-03-19T10:36:00.523716 #49     LinterVisitor.visitNode (package:custom_lint_core/src/node_lint_visitor.g.dart:784:11)
[WrapWithProviderScope] 2024-03-19T10:36:00.523716 #50     GeneralizingAstVisitor.visitFunctionBody (package:analyzer/dart/ast/visitor.dart:373:46)
[WrapWithProviderScope] 2024-03-19T10:36:00.523716 #51     LinterVisitor.visitFunctionBody (package:custom_lint_core/src/node_lint_visitor.g.dart:490:11)
[WrapWithProviderScope] 2024-03-19T10:36:00.523716 #52     GeneralizingAstVisitor.visitBlockFunctionBody (package:analyzer/dart/ast/visitor.dart:176:56)
[WrapWithProviderScope] 2024-03-19T10:36:00.523716 #53     LinterVisitor.visitBlockFunctionBody (package:custom_lint_core/src/node_lint_visitor.g.dart:118:11)
[WrapWithProviderScope] 2024-03-19T10:36:00.523716 #54     BlockFunctionBodyImpl.accept (package:analyzer/src/dart/ast/ast.dart:1923:50)
[WrapWithProviderScope] 2024-03-19T10:36:00.523716 #55     FunctionExpressionImpl.visitChildren (package:analyzer/src/dart/ast/ast.dart:8544:11)
[WrapWithProviderScope] 2024-03-19T10:36:00.523716 #56     GeneralizingAstVisitor.visitNode (package:analyzer/dart/ast/visitor.dart:535:10)
[WrapWithProviderScope] 2024-03-19T10:36:00.523716 #57     LinterVisitor.visitNode (package:custom_lint_core/src/node_lint_visitor.g.dart:784:11)
[WrapWithProviderScope] 2024-03-19T10:36:00.523716 #58     GeneralizingAstVisitor.visitCollectionElement (package:analyzer/dart/ast/visitor.dart:208:56)
[WrapWithProviderScope] 2024-03-19T10:36:00.523716 #59     LinterVisitor.visitCollectionElement (package:custom_lint_core/src/node_lint_visitor.g.dart:184:11)
[WrapWithProviderScope] 2024-03-19T10:36:00.523716 #60     GeneralizingAstVisitor.visitExpression (package:analyzer/dart/ast/visitor.dart:305:42)
[WrapWithProviderScope] 2024-03-19T10:36:00.523716 #61     LinterVisitor.visitExpression (package:custom_lint_core/src/node_lint_visitor.g.dart:370:11)
[WrapWithProviderScope] 2024-03-19T10:36:00.523716 #62     GeneralizingAstVisitor.visitFunctionExpression (package:analyzer/dart/ast/visitor.dart:388:58)
[WrapWithProviderScope] 2024-03-19T10:36:00.523716 #63     LinterVisitor.visitFunctionExpression (package:custom_lint_core/src/node_lint_visitor.g.dart:508:11)
[WrapWithProviderScope] 2024-03-19T10:36:00.523716 #64     FunctionExpressionImpl.accept (package:analyzer/src/dart/ast/ast.dart:8533:50)
[WrapWithProviderScope] 2024-03-19T10:36:00.523716 #65     FunctionDeclarationImpl.visitChildren (package:analyzer/src/dart/ast/ast.dart:8378:25)
[WrapWithProviderScope] 2024-03-19T10:36:00.523716 #66     GeneralizingAstVisitor.visitNode (package:analyzer/dart/ast/visitor.dart:535:10)
[WrapWithProviderScope] 2024-03-19T10:36:00.523716 #67     LinterVisitor.visitNode (package:custom_lint_core/src/node_lint_visitor.g.dart:784:11)
[WrapWithProviderScope] 2024-03-19T10:36:00.523716 #68     GeneralizingAstVisitor.visitAnnotatedNode (package:analyzer/dart/ast/visitor.dart:137:48)
[WrapWithProviderScope] 2024-03-19T10:36:00.523716 #69     LinterVisitor.visitAnnotatedNode (package:custom_lint_core/src/node_lint_visitor.g.dart:46:11)
[WrapWithProviderScope] 2024-03-19T10:36:00.523716 #70     GeneralizingAstVisitor.visitDeclaration (package:analyzer/dart/ast/visitor.dart:260:44)
[WrapWithProviderScope] 2024-03-19T10:36:00.523716 #71     LinterVisitor.visitDeclaration (package:custom_lint_core/src/node_lint_visitor.g.dart:286:11)
[WrapWithProviderScope] 2024-03-19T10:36:00.523716 #72     GeneralizingAstVisitor.visitCompilationUnitMember (package:analyzer/dart/ast/visitor.dart:222:7)
[WrapWithProviderScope] 2024-03-19T10:36:00.523716 #73     LinterVisitor.visitCompilationUnitMember (package:custom_lint_core/src/node_lint_visitor.g.dart:214:11)
[WrapWithProviderScope] 2024-03-19T10:36:00.523716 #74     GeneralizingAstVisitor.visitNamedCompilationUnitMember (package:analyzer/dart/ast/visitor.dart:516:7)
[WrapWithProviderScope] 2024-03-19T10:36:00.523716 #75     LinterVisitor.visitNamedCompilationUnitMember (package:custom_lint_core/src/node_lint_visitor.g.dart:748:11)
[WrapWithProviderScope] 2024-03-19T10:36:00.523716 #76     GeneralizingAstVisitor.visitFunctionDeclaration (package:analyzer/dart/ast/visitor.dart:380:12)
[WrapWithProviderScope] 2024-03-19T10:36:00.523716 #77     LinterVisitor.visitFunctionDeclaration (package:custom_lint_core/src/node_lint_visitor.g.dart:496:11)
[WrapWithProviderScope] 2024-03-19T10:36:00.523716 #78     FunctionDeclarationImpl.accept (package:analyzer/src/dart/ast/ast.dart:8372:50)
[WrapWithProviderScope] 2024-03-19T10:36:00.523716 #79     NodeListImpl.accept (package:analyzer/src/dart/ast/ast.dart:13022:20)
[WrapWithProviderScope] 2024-03-19T10:36:00.523716 #80     CompilationUnitImpl.visitChildren (package:analyzer/src/dart/ast/ast.dart:3662:21)
[WrapWithProviderScope] 2024-03-19T10:36:00.523716 #81     GeneralizingAstVisitor.visitNode (package:analyzer/dart/ast/visitor.dart:535:10)
[WrapWithProviderScope] 2024-03-19T10:36:00.523716 #82     LinterVisitor.visitNode (package:custom_lint_core/src/node_lint_visitor.g.dart:784:11)
[WrapWithProviderScope] 2024-03-19T10:36:00.523716 #83     GeneralizingAstVisitor.visitCompilationUnit (package:analyzer/dart/ast/visitor.dart:219:52)
[WrapWithProviderScope] 2024-03-19T10:36:00.523716 #84     LinterVisitor.visitCompilationUnit (package:custom_lint_core/src/node_lint_visitor.g.dart:208:11)
[WrapWithProviderScope] 2024-03-19T10:36:00.523716 #85     CompilationUnitImpl.accept (package:analyzer/src/dart/ast/ast.dart:3655:50)
[WrapWithProviderScope] 2024-03-19T10:36:00.523716 #86     DartAssist.startUp.<anonymous closure> (package:custom_lint_core/src/assist.dart:81:17)
[WrapWithProviderScope] 2024-03-19T10:36:00.523716 #87     _rootRun (dart:async/zone.dart:1399:13)
[WrapWithProviderScope] 2024-03-19T10:36:00.523716 #88     _CustomZone.run (dart:async/zone.dart:1301:19)
[WrapWithProviderScope] 2024-03-19T10:36:00.523716 #89     _CustomZone.bindCallback.<anonymous closure> (dart:async/zone.dart:1233:23)
[WrapWithProviderScope] 2024-03-19T10:36:00.523716 #90     runPostRunCallbacks (package:custom_lint_core/src/plugin_base.dart:16:19)
[WrapWithProviderScope] 2024-03-19T10:36:00.523716 #91     _ClientAnalyzerPlugin.handleEditGetAssists (package:custom_lint_builder/src/client.dart:510:5)
[WrapWithProviderScope] 2024-03-19T10:36:00.523716 <asynchronous suspension>
[WrapWithProviderScope] 2024-03-19T10:36:00.523716 #92     ServerPlugin._getResponse (package:analyzer_plugin/plugin/plugin.dart:556:18)
[WrapWithProviderScope] 2024-03-19T10:36:00.523716 <asynchronous suspension>
[WrapWithProviderScope] 2024-03-19T10:36:00.523716 #93     ServerPlugin._onRequest (package:analyzer_plugin/plugin/plugin.dart:599:18)
[WrapWithProviderScope] 2024-03-19T10:36:00.523716 <asynchronous suspension>
[WrapWithProviderScope] 2024-03-19T10:36:00.523716
The request analysis.updateContent failed with the following error:
RequestErrorCode.PLUGIN_ERROR
A request threw the exception:PathNotFoundException(path=/Users/p1714/flutterWorkSpace/tumitate_flutter/lib/features/auth/presentation/providers/id_save_provider.dart; message=Cannot retrieve modification time)
#0      _PhysicalFile.modificationStamp (package:analyzer/file_system/physical_file_system.dart:118:7)
#1      _OverlayFile.modificationStamp (package:analyzer/file_system/overlay_file_system.dart:146:18)
#2      FileSource.contentsFromFile (package:analyzer/src/source/source_resource.dart:65:14)
#3      FileSource.contents (package:analyzer/src/source/source_resource.dart:52:12)
#4      ExpectLint.run (package:custom_lint_builder/src/expect_lint.dart:34:23)
#5      _ClientAnalyzerPlugin.analyzeFile.<anonymous closure> (package:custom_lint_builder/src/client.dart:935:41)
<asynchronous suspension>
#6      _ClientAnalyzerPlugin._runOperation (package:custom_lint_builder/src/client.dart:1076:14)
<asynchronous suspension>
#7      _ClientAnalyzerPlugin.analyzeFile (package:custom_lint_builder/src/client.dart:888:5)
<asynchronous suspension>
#8      ServerPlugin.analyzeFiles (package:analyzer_plugin/plugin/plugin.dart:111:7)
<asynchronous suspension>
#9      ServerPlugin.handleAffectedFiles (package:analyzer_plugin/plugin/plugin.dart:211:5)
<asynchronous suspension>
#10     ServerPlugin.contentChanged.<anonymous closure> (package:analyzer_plugin/plugin/plugin.dart:141:9)
<asynchronous suspension>
#11     ServerPlugin._forAnalysisContexts (package:analyzer_plugin/plugin/plugin.dart:510:9)
<asynchronous suspension>
#12     ServerPlugin.contentChanged (package:analyzer_plugin/plugin/plugin.dart:136:7)
<asynchronous suspension>
#13     ServerPlugin.handleAnalysisUpdateContent (package:analyzer_plugin/plugin/plugin.dart:353:5)
<asynchronous suspension>
#14     ServerPlugin._getResponse (package:analyzer_plugin/plugin/plugin.dart:548:18)
<asynchronous suspension>
#15     ServerPlugin._onRequest (package:analyzer_plugin/plugin/plugin.dart:599:18)
<asynchronous suspension>

at:
#0      SocketCustomLintServerToClientChannel.sendCustomLintRequest.<anonymous closure> (package:custom_lint/src/v2/server_to_client_channel.dart:268:11)
#1      _$CustomLintResponseAnalyzerPluginResponseImpl.map (package:custom_lint/src/v2/protocol.freezed.dart:928:34)
#2      SocketCustomLintServerToClientChannel.sendCustomLintRequest (package:custom_lint/src/v2/server_to_client_channel.dart:262:14)
<asynchronous suspension>
#3      SocketCustomLintServerToClientChannel.sendAnalyzerPluginRequest (package:custom_lint/src/v2/server_to_client_channel.dart:234:22)
<asynchronous suspension>
#4      CustomLintServer._handleRequest.<anonymous closure>.<anonymous closure> (package:custom_lint/src/v2/custom_lint_analyzer_plugin.dart:188:17)
<asynchronous suspension>
#5      PendingOperation.run (package:custom_lint/src/async_operation.dart:22:14)
<asynchronous suspension>
#6      CustomLintServer._handleRequest (package:custom_lint/src/v2/custom_lint_analyzer_plugin.dart:171:22)
<asynchronous suspension>

[IgnoreCode] 2024-03-19T16:53:19.680896 Plugin IgnoreCode threw while analyzing /Users/p1714/flutterWorkSpace/tumitate_flutter/lib/features/auth/presentation/providers/login_page/auto_login_switch_provider.dart:
[IgnoreCode] 2024-03-19T16:53:19.680896 InconsistentAnalysisException: Requested result might be inconsistent with previously returned results
[IgnoreCode] 2024-03-19T16:53:19.680896
[IgnoreCode] 2024-03-19T16:53:19.680896 #0      AnalysisSessionImpl.checkConsistency (package:analyzer/src/dart/analysis/session.dart:54:7)
[IgnoreCode] 2024-03-19T16:53:19.680896 #1      AnalysisSessionImpl.getResolvedUnit (package:analyzer/src/dart/analysis/session.dart:129:5)
[IgnoreCode] 2024-03-19T16:53:19.680896 #2      ChangeBuilderImpl._createDartFileEditBuilder (package:analyzer_plugin/src/utilities/change_builder/change_builder_core.dart:287:33)
[IgnoreCode] 2024-03-19T16:53:19.680896 #3      ChangeBuilderImpl.addDartFileEdit (package:analyzer_plugin/src/utilities/change_builder/change_builder_core.dart:136:23)
[IgnoreCode] 2024-03-19T16:53:19.680896 #4      _ChangeBuilderImpl.addDartFileEdit (package:custom_lint_core/src/change_reporter.dart:134:33)
[IgnoreCode] 2024-03-19T16:53:19.680896 #5      IgnoreCode.run (package:custom_lint_builder/src/ignore.dart:126:32)
[IgnoreCode] 2024-03-19T16:53:19.680896 #6      _ClientAnalyzerPlugin._runFixRun.<anonymous closure> (package:custom_lint_builder/src/client.dart:749:17)
[IgnoreCode] 2024-03-19T16:53:19.680896 #7      new Future.<anonymous closure> (dart:async/future.dart:256:37)
[IgnoreCode] 2024-03-19T16:53:19.680896 #8      _rootRun (dart:async/zone.dart:1391:47)
[IgnoreCode] 2024-03-19T16:53:19.680896 #9      _CustomZone.run (dart:async/zone.dart:1301:19)
[IgnoreCode] 2024-03-19T16:53:19.680896 #10     _CustomZone.runGuarded (dart:async/zone.dart:1209:7)
[IgnoreCode] 2024-03-19T16:53:19.680896 #11     _CustomZone.bindCallbackGuarded.<anonymous closure> (dart:async/zone.dart:1249:23)
[IgnoreCode] 2024-03-19T16:53:19.680896 #12     _rootRun (dart:async/zone.dart:1399:13)
[IgnoreCode] 2024-03-19T16:53:19.680896 #13     _CustomZone.run (dart:async/zone.dart:1301:19)
[IgnoreCode] 2024-03-19T16:53:19.680896 #14     _CustomZone.bindCallback.<anonymous closure> (dart:async/zone.dart:1233:23)
[IgnoreCode] 2024-03-19T16:53:19.680896 #15     Timer._createTimer.<anonymous closure> (dart:async-patch/timer_patch.dart:18:15)
[IgnoreCode] 2024-03-19T16:53:19.680896 #16     _Timer._runTimers (dart:isolate-patch/timer_impl.dart:398:19)
[IgnoreCode] 2024-03-19T16:53:19.680896 #17     _Timer._handleMessage (dart:isolate-patch/timer_impl.dart:429:5)
[IgnoreCode] 2024-03-19T16:53:19.680896 #18     _RawReceivePort._handleMessage (dart:isolate-patch/isolate_patch.dart:184:12)
[IgnoreCode] 2024-03-19T16:53:19.680896
[IgnoreCode] 2024-03-19T16:53:19.683929 Plugin IgnoreCode threw while analyzing /Users/p1714/flutterWorkSpace/tumitate_flutter/lib/features/auth/presentation/providers/login_page/auto_login_switch_provider.dart:
[IgnoreCode] 2024-03-19T16:53:19.683929 InconsistentAnalysisException: Requested result might be inconsistent with previously returned results
[IgnoreCode] 2024-03-19T16:53:19.683929
[IgnoreCode] 2024-03-19T16:53:19.683929 #0      AnalysisSessionImpl.checkConsistency (package:analyzer/src/dart/analysis/session.dart:54:7)
[IgnoreCode] 2024-03-19T16:53:19.683929 #1      AnalysisSessionImpl.getResolvedUnit (package:analyzer/src/dart/analysis/session.dart:129:5)
[IgnoreCode] 2024-03-19T16:53:19.683929 #2      ChangeBuilderImpl._createDartFileEditBuilder (package:analyzer_plugin/src/utilities/change_builder/change_builder_core.dart:287:33)
[IgnoreCode] 2024-03-19T16:53:19.683929 #3      ChangeBuilderImpl.addDartFileEdit (package:analyzer_plugin/src/utilities/change_builder/change_builder_core.dart:136:23)
[IgnoreCode] 2024-03-19T16:53:19.683929 #4      _ChangeBuilderImpl.addDartFileEdit (package:custom_lint_core/src/change_reporter.dart:134:33)
[IgnoreCode] 2024-03-19T16:53:19.683929 #5      IgnoreCode.run (package:custom_lint_builder/src/ignore.dart:155:32)
[IgnoreCode] 2024-03-19T16:53:19.683929 #6      _ClientAnalyzerPlugin._runFixRun.<anonymous closure> (package:custom_lint_builder/src/client.dart:749:17)
[IgnoreCode] 2024-03-19T16:53:19.683929 #7      new Future.<anonymous closure> (dart:async/future.dart:256:37)
[IgnoreCode] 2024-03-19T16:53:19.683929 #8      _rootRun (dart:async/zone.dart:1391:47)
[IgnoreCode] 2024-03-19T16:53:19.683929 #9      _CustomZone.run (dart:async/zone.dart:1301:19)
[IgnoreCode] 2024-03-19T16:53:19.683929 #10     _CustomZone.runGuarded (dart:async/zone.dart:1209:7)
[IgnoreCode] 2024-03-19T16:53:19.683929 #11     _CustomZone.bindCallbackGuarded.<anonymous closure> (dart:async/zone.dart:1249:23)
[IgnoreCode] 2024-03-19T16:53:19.683929 #12     _rootRun (dart:async/zone.dart:1399:13)
[IgnoreCode] 2024-03-19T16:53:19.683929 #13     _CustomZone.run (dart:async/zone.dart:1301:19)
[IgnoreCode] 2024-03-19T16:53:19.683929 #14     _CustomZone.bindCallback.<anonymous closure> (dart:async/zone.dart:1233:23)
[IgnoreCode] 2024-03-19T16:53:19.683929 #15     Timer._createTimer.<anonymous closure> (dart:async-patch/timer_patch.dart:18:15)
[IgnoreCode] 2024-03-19T16:53:19.683929 #16     _Timer._runTimers (dart:isolate-patch/timer_impl.dart:398:19)
[IgnoreCode] 2024-03-19T16:53:19.683929 #17     _Timer._handleMessage (dart:isolate-patch/timer_impl.dart:429:5)
[IgnoreCode] 2024-03-19T16:53:19.683929 #18     _RawReceivePort._handleMessage (dart:isolate-patch/isolate_patch.dart:184:12)
[IgnoreCode] 2024-03-19T16:53:19.683929
[FunctionalRefFix] 2024-03-19T16:53:19.691983 Plugin FunctionalRefFix threw while analyzing /Users/p1714/flutterWorkSpace/tumitate_flutter/lib/features/auth/presentation/providers/login_page/auto_login_switch_provider.dart:
[FunctionalRefFix] 2024-03-19T16:53:19.691983 InconsistentAnalysisException: Requested result might be inconsistent with previously returned results
[FunctionalRefFix] 2024-03-19T16:53:19.691983
[FunctionalRefFix] 2024-03-19T16:53:19.691983 #0      AnalysisSessionImpl.checkConsistency (package:analyzer/src/dart/analysis/session.dart:54:7)
[FunctionalRefFix] 2024-03-19T16:53:19.691983 #1      AnalysisSessionImpl.getResolvedUnit (package:analyzer/src/dart/analysis/session.dart:129:5)
[FunctionalRefFix] 2024-03-19T16:53:19.691983 #2      ChangeBuilderImpl._createDartFileEditBuilder (package:analyzer_plugin/src/utilities/change_builder/change_builder_core.dart:287:33)
[FunctionalRefFix] 2024-03-19T16:53:19.691983 #3      ChangeBuilderImpl.addDartFileEdit (package:analyzer_plugin/src/utilities/change_builder/change_builder_core.dart:136:23)
[FunctionalRefFix] 2024-03-19T16:53:19.691983 #4      _ChangeBuilderImpl.addDartFileEdit (package:custom_lint_core/src/change_reporter.dart:134:33)
[FunctionalRefFix] 2024-03-19T16:53:19.691983 #5      FunctionalRefFix.run.<anonymous closure> (package:riverpod_lint/src/lints/functional_ref.dart:103:21)
[FunctionalRefFix] 2024-03-19T16:53:19.691983 #6      _RiverpodAstRegistryVisitor._runSubscriptions (package:riverpod_analyzer_utils/src/riverpod_ast/visitor.dart:961:12)
[FunctionalRefFix] 2024-03-19T16:53:19.691983 #7      _RiverpodAstRegistryVisitor.visitFunctionalProviderDeclaration (package:riverpod_analyzer_utils/src/riverpod_ast/visitor.dart:923:5)
[FunctionalRefFix] 2024-03-19T16:53:19.691983 #8      FunctionalProviderDeclaration.accept (package:riverpod_analyzer_utils/src/riverpod_ast/generator_provider_declaration.dart:386:13)
[FunctionalRefFix] 2024-03-19T16:53:19.691983 #9      ResolvedRiverpodLibraryResult.visitChildren (package:riverpod_analyzer_utils/src/riverpod_ast/resolve_riverpod.dart:72:19)
[FunctionalRefFix] 2024-03-19T16:53:19.691983 #10     _RiverpodAstRegistryVisitor.visitResolvedRiverpodUnit (package:riverpod_analyzer_utils/src/riverpod_ast/visitor.dart:870:12)
[FunctionalRefFix] 2024-03-19T16:53:19.691983 #11     ResolvedRiverpodLibraryResult.accept (package:riverpod_analyzer_utils/src/riverpod_ast/resolve_riverpod.dart:59:13)
[FunctionalRefFix] 2024-03-19T16:53:19.691983 #12     RiverpodAstRegistry.run (package:riverpod_analyzer_utils/src/riverpod_ast/visitor.dart:517:10)
[FunctionalRefFix] 2024-03-19T16:53:19.691983 #13     _ParseRiverpod._setupRiverpod.<anonymous closure> (package:riverpod_lint/src/riverpod_custom_lint.dart:92:47)
[FunctionalRefFix] 2024-03-19T16:53:19.691983 #14     _rootRun (dart:async/zone.dart:1399:13)
[FunctionalRefFix] 2024-03-19T16:53:19.691983 #15     _CustomZone.run (dart:async/zone.dart:1301:19)
[FunctionalRefFix] 2024-03-19T16:53:19.691983 #16     _CustomZone.bindCallback.<anonymous closure> (dart:async/zone.dart:1233:23)
[FunctionalRefFix] 2024-03-19T16:53:19.691983 #17     runPostRunCallbacks (package:custom_lint_core/src/plugin_base.dart:16:19)
[FunctionalRefFix] 2024-03-19T16:53:19.691983 #18     _ClientAnalyzerPlugin._handlesFixesForError (package:custom_lint_builder/src/client.dart:715:5)
[FunctionalRefFix] 2024-03-19T16:53:19.691983 <asynchronous suspension>
[FunctionalRefFix] 2024-03-19T16:53:19.691983 #19     Future.wait.<anonymous closure> (dart:async/future.dart:518:21)
[FunctionalRefFix] 2024-03-19T16:53:19.691983 <asynchronous suspension>
[FunctionalRefFix] 2024-03-19T16:53:19.691983 #20     _ClientAnalyzerPlugin.handleEditGetFixes (package:custom_lint_builder/src/client.dart:575:35)
[FunctionalRefFix] 2024-03-19T16:53:19.691983 <asynchronous suspension>
[FunctionalRefFix] 2024-03-19T16:53:19.691983 #21     ServerPlugin._getResponse (package:analyzer_plugin/plugin/plugin.dart:564:18)
[FunctionalRefFix] 2024-03-19T16:53:19.691983 <asynchronous suspension>
[FunctionalRefFix] 2024-03-19T16:53:19.691983 #22     ServerPlugin._onRequest (package:analyzer_plugin/plugin/plugin.dart:599:18)
[FunctionalRefFix] 2024-03-19T16:53:19.691983 <asynchronous suspension>
[FunctionalRefFix] 2024-03-19T16:53:19.691983
[IgnoreCode] 2024-03-19T16:53:19.695806 Plugin IgnoreCode threw while analyzing /Users/p1714/flutterWorkSpace/tumitate_flutter/lib/features/auth/presentation/providers/login_page/auto_login_switch_provider.dart:
[IgnoreCode] 2024-03-19T16:53:19.695806 InconsistentAnalysisException: Requested result might be inconsistent with previously returned results
[IgnoreCode] 2024-03-19T16:53:19.695806
[IgnoreCode] 2024-03-19T16:53:19.695806 #0      AnalysisSessionImpl.checkConsistency (package:analyzer/src/dart/analysis/session.dart:54:7)
[IgnoreCode] 2024-03-19T16:53:19.695806 #1      AnalysisSessionImpl.getResolvedUnit (package:analyzer/src/dart/analysis/session.dart:129:5)
[IgnoreCode] 2024-03-19T16:53:19.695806 #2      ChangeBuilderImpl._createDartFileEditBuilder (package:analyzer_plugin/src/utilities/change_builder/change_builder_core.dart:287:33)
[IgnoreCode] 2024-03-19T16:53:19.695806 #3      ChangeBuilderImpl.addDartFileEdit (package:analyzer_plugin/src/utilities/change_builder/change_builder_core.dart:136:23)
[IgnoreCode] 2024-03-19T16:53:19.695806 #4      _ChangeBuilderImpl.addDartFileEdit (package:custom_lint_core/src/change_reporter.dart:134:33)
[IgnoreCode] 2024-03-19T16:53:19.695806 #5      IgnoreCode.run (package:custom_lint_builder/src/ignore.dart:126:32)
[IgnoreCode] 2024-03-19T16:53:19.695806 #6      _ClientAnalyzerPlugin._runFixRun.<anonymous closure> (package:custom_lint_builder/src/client.dart:749:17)
[IgnoreCode] 2024-03-19T16:53:19.695806 #7      new Future.<anonymous closure> (dart:async/future.dart:256:37)
[IgnoreCode] 2024-03-19T16:53:19.695806 #8      _rootRun (dart:async/zone.dart:1391:47)
[IgnoreCode] 2024-03-19T16:53:19.695806 #9      _CustomZone.run (dart:async/zone.dart:1301:19)
[IgnoreCode] 2024-03-19T16:53:19.695806 #10     _CustomZone.runGuarded (dart:async/zone.dart:1209:7)
[IgnoreCode] 2024-03-19T16:53:19.695806 #11     _CustomZone.bindCallbackGuarded.<anonymous closure> (dart:async/zone.dart:1249:23)
[IgnoreCode] 2024-03-19T16:53:19.695806 #12     _rootRun (dart:async/zone.dart:1399:13)
[IgnoreCode] 2024-03-19T16:53:19.695806 #13     _CustomZone.run (dart:async/zone.dart:1301:19)
[IgnoreCode] 2024-03-19T16:53:19.695806 #14     _CustomZone.bindCallback.<anonymous closure> (dart:async/zone.dart:1233:23)
[IgnoreCode] 2024-03-19T16:53:19.695806 #15     Timer._createTimer.<anonymous closure> (dart:async-patch/timer_patch.dart:18:15)
[IgnoreCode] 2024-03-19T16:53:19.695806 #16     _Timer._runTimers (dart:isolate-patch/timer_impl.dart:398:19)
[IgnoreCode] 2024-03-19T16:53:19.695806 #17     _Timer._handleMessage (dart:isolate-patch/timer_impl.dart:429:5)
[IgnoreCode] 2024-03-19T16:53:19.695806 #18     _RawReceivePort._handleMessage (dart:isolate-patch/isolate_patch.dart:184:12)
[IgnoreCode] 2024-03-19T16:53:19.695806
[IgnoreCode] 2024-03-19T16:53:19.698917 Plugin IgnoreCode threw while analyzing /Users/p1714/flutterWorkSpace/tumitate_flutter/lib/features/auth/presentation/providers/login_page/auto_login_switch_provider.dart:
[IgnoreCode] 2024-03-19T16:53:19.698917 InconsistentAnalysisException: Requested result might be inconsistent with previously returned results
[IgnoreCode] 2024-03-19T16:53:19.698917
[IgnoreCode] 2024-03-19T16:53:19.698917 #0      AnalysisSessionImpl.checkConsistency (package:analyzer/src/dart/analysis/session.dart:54:7)
[IgnoreCode] 2024-03-19T16:53:19.698917 #1      AnalysisSessionImpl.getResolvedUnit (package:analyzer/src/dart/analysis/session.dart:129:5)
[IgnoreCode] 2024-03-19T16:53:19.698917 #2      ChangeBuilderImpl._createDartFileEditBuilder (package:analyzer_plugin/src/utilities/change_builder/change_builder_core.dart:287:33)
[IgnoreCode] 2024-03-19T16:53:19.698917 #3      ChangeBuilderImpl.addDartFileEdit (package:analyzer_plugin/src/utilities/change_builder/change_builder_core.dart:136:23)
[IgnoreCode] 2024-03-19T16:53:19.698917 #4      _ChangeBuilderImpl.addDartFileEdit (package:custom_lint_core/src/change_reporter.dart:134:33)
[IgnoreCode] 2024-03-19T16:53:19.698917 #5      IgnoreCode.run (package:custom_lint_builder/src/ignore.dart:155:32)
[IgnoreCode] 2024-03-19T16:53:19.698917 #6      _ClientAnalyzerPlugin._runFixRun.<anonymous closure> (package:custom_lint_builder/src/client.dart:749:17)
[IgnoreCode] 2024-03-19T16:53:19.698917 #7      new Future.<anonymous closure> (dart:async/future.dart:256:37)
[IgnoreCode] 2024-03-19T16:53:19.698917 #8      _rootRun (dart:async/zone.dart:1391:47)
[IgnoreCode] 2024-03-19T16:53:19.698917 #9      _CustomZone.run (dart:async/zone.dart:1301:19)
[IgnoreCode] 2024-03-19T16:53:19.698917 #10     _CustomZone.runGuarded (dart:async/zone.dart:1209:7)
[IgnoreCode] 2024-03-19T16:53:19.698917 #11     _CustomZone.bindCallbackGuarded.<anonymous closure> (dart:async/zone.dart:1249:23)
[IgnoreCode] 2024-03-19T16:53:19.698917 #12     _rootRun (dart:async/zone.dart:1399:13)
[IgnoreCode] 2024-03-19T16:53:19.698917 #13     _CustomZone.run (dart:async/zone.dart:1301:19)
[IgnoreCode] 2024-03-19T16:53:19.698917 #14     _CustomZone.bindCallback.<anonymous closure> (dart:async/zone.dart:1233:23)
[IgnoreCode] 2024-03-19T16:53:19.698917 #15     Timer._createTimer.<anonymous closure> (dart:async-patch/timer_patch.dart:18:15)
[IgnoreCode] 2024-03-19T16:53:19.698917 #16     _Timer._runTimers (dart:isolate-patch/timer_impl.dart:398:19)
[IgnoreCode] 2024-03-19T16:53:19.698917 #17     _Timer._handleMessage (dart:isolate-patch/timer_impl.dart:429:5)
[IgnoreCode] 2024-03-19T16:53:19.698917 #18     _RawReceivePort._handleMessage (dart:isolate-patch/isolate_patch.dart:184:12)
[IgnoreCode] 2024-03-19T16:53:19.698917
[WrapWithConsumer] 2024-03-19T17:04:58.319975 Plugin WrapWithConsumer threw while analyzing /Users/p1714/flutterWorkSpace/tumitate_flutter/lib/features/auth/presentation/providers/login_page/bio_login_switch_provider.dart:
[WrapWithConsumer] 2024-03-19T17:04:58.319975 InconsistentAnalysisException: Requested result might be inconsistent with previously returned results
[WrapWithConsumer] 2024-03-19T17:04:58.319975
[WrapWithConsumer] 2024-03-19T17:04:58.319975 #0      AnalysisSessionImpl.checkConsistency (package:analyzer/src/dart/analysis/session.dart:54:7)
[WrapWithConsumer] 2024-03-19T17:04:58.319975 #1      AnalysisSessionImpl.getResolvedUnit (package:analyzer/src/dart/analysis/session.dart:129:5)
[WrapWithConsumer] 2024-03-19T17:04:58.319975 #2      ChangeBuilderImpl._createDartFileEditBuilder (package:analyzer_plugin/src/utilities/change_builder/change_builder_core.dart:287:33)
[WrapWithConsumer] 2024-03-19T17:04:58.319975 #3      ChangeBuilderImpl.addDartFileEdit (package:analyzer_plugin/src/utilities/change_builder/change_builder_core.dart:136:23)
[WrapWithConsumer] 2024-03-19T17:04:58.319975 #4      _ChangeBuilderImpl.addDartFileEdit (package:custom_lint_core/src/change_reporter.dart:134:33)
[WrapWithConsumer] 2024-03-19T17:04:58.319975 #5      FunctionalToClassBasedProvider.run.<anonymous closure> (package:riverpod_lint/src/assists/functional_to_class_based_provider.dart:35:21)
[WrapWithConsumer] 2024-03-19T17:04:58.319975 #6      _RiverpodAstRegistryVisitor._runSubscriptions (package:riverpod_analyzer_utils/src/riverpod_ast/visitor.dart:961:12)
[WrapWithConsumer] 2024-03-19T17:04:58.319975 #7      _RiverpodAstRegistryVisitor.visitFunctionalProviderDeclaration (package:riverpod_analyzer_utils/src/riverpod_ast/visitor.dart:923:5)
[WrapWithConsumer] 2024-03-19T17:04:58.319975 #8      FunctionalProviderDeclaration.accept (package:riverpod_analyzer_utils/src/riverpod_ast/generator_provider_declaration.dart:386:13)
[WrapWithConsumer] 2024-03-19T17:04:58.319975 #9      ResolvedRiverpodLibraryResult.visitChildren (package:riverpod_analyzer_utils/src/riverpod_ast/resolve_riverpod.dart:72:19)
[WrapWithConsumer] 2024-03-19T17:04:58.319975 #10     _RiverpodAstRegistryVisitor.visitResolvedRiverpodUnit (package:riverpod_analyzer_utils/src/riverpod_ast/visitor.dart:870:12)
[WrapWithConsumer] 2024-03-19T17:04:58.319975 #11     ResolvedRiverpodLibraryResult.accept (package:riverpod_analyzer_utils/src/riverpod_ast/resolve_riverpod.dart:59:13)
[WrapWithConsumer] 2024-03-19T17:04:58.319975 #12     RiverpodAstRegistry.run (package:riverpod_analyzer_utils/src/riverpod_ast/visitor.dart:517:10)
[WrapWithConsumer] 2024-03-19T17:04:58.319975 #13     _ParseRiverpod._setupRiverpod.<anonymous closure> (package:riverpod_lint/src/riverpod_custom_lint.dart:92:47)
[WrapWithConsumer] 2024-03-19T17:04:58.319975 #14     _rootRun (dart:async/zone.dart:1399:13)
[WrapWithConsumer] 2024-03-19T17:04:58.319975 #15     _CustomZone.run (dart:async/zone.dart:1301:19)
[WrapWithConsumer] 2024-03-19T17:04:58.319975 #16     _CustomZone.bindCallback.<anonymous closure> (dart:async/zone.dart:1233:23)
[WrapWithConsumer] 2024-03-19T17:04:58.319975 #17     runPostRunCallbacks (package:custom_lint_core/src/plugin_base.dart:16:19)
[WrapWithConsumer] 2024-03-19T17:04:58.319975 #18     _ClientAnalyzerPlugin.handleEditGetAssists (package:custom_lint_builder/src/client.dart:510:5)
[WrapWithConsumer] 2024-03-19T17:04:58.319975 <asynchronous suspension>
[WrapWithConsumer] 2024-03-19T17:04:58.319975 #19     ServerPlugin._getResponse (package:analyzer_plugin/plugin/plugin.dart:556:18)
[WrapWithConsumer] 2024-03-19T17:04:58.319975 <asynchronous suspension>
[WrapWithConsumer] 2024-03-19T17:04:58.319975 #20     ServerPlugin._onRequest (package:analyzer_plugin/plugin/plugin.dart:599:18)
[WrapWithConsumer] 2024-03-19T17:04:58.319975 <asynchronous suspension>
[WrapWithConsumer] 2024-03-19T17:04:58.319975
